 Start Assessment
 Trong ngày qua, giá BTCUSDT tăng 5.03%
 Điểm: 1.0503184588970043
 Trong ngày qua, giá BTCUSDT cao nhất là: 30000.0 lúc 2023-10-16 20:30:00 và thấp nhất là: 27112.66 lúc 2023-10-16 07:45:00
 Điểm: 0.995844745591174
 Giá BTCUSDT trong ngày qua có nhiều biến động
 Điểm: 1.5754776883455064
 Từ 2023-10-16 20:23:00 đến 2023-10-16 20:30:00 BTCUSDT tăng 7.54% với volume trung bình cao nhất 14.5546415/phút
 Điểm: 9.479633610260988
 Từ 2023-10-16 20:30:00 đến 2023-10-16 20:50:00 BTCUSDT giảm 7.3% với volume trung bình cao nhất 14.1736775/phút
 Điểm: 7.6633436956325145
 Trong giờ qua, giá BTCUSDT giảm 0.000739348247452476%
 Điểm: 1.0007398952877369
 Trong giờ qua, giá BTCUSDT cao nhất là: 28444.38 lúc 2023-10-18 06:07:29 và thấp nhất là: 28386.51 lúc 2023-10-18 06:48:08
 Điểm: 0.9018347799711907
 Giá BTCUSDT trong giờ qua có nhiều biến động
 Điểm: 1.5011098429316054
 Từ 2023-10-18 06:00:00 đến 2023-10-18 06:00:05 BTCUSDT tăng 0.03% với volume trung bình cao nhất 14.67456/phút
 Điểm: 1.557855953158954
 Từ 2023-10-18 06:00:05 đến 2023-10-18 06:05:53 BTCUSDT giảm 0.03% với volume trung bình cao nhất 10.72518157894737/phút
 Điểm: 1.1354491467221446
 Trong ngày qua, giá ETHUSDT tăng 2.72%
 Điểm: 1.0271523433987952
 Trong ngày qua, giá ETHUSDT cao nhất là: 1639.43 lúc 2023-10-16 20:30:00 và thấp nhất là: 1555.06 lúc 2023-10-16 07:44:00
 Điểm: 0.9488296271526502
 Giá ETHUSDT trong ngày qua có nhiều biến động
 Điểm: 1.5407285150981929
 Từ 2023-10-16 20:32:00 đến 2023-10-16 20:33:00 ETHUSDT tăng 0.7% với volume trung bình cao nhất 78.05496833333333/phút
 Điểm: 7.731422408843827
 Từ 2023-10-16 20:30:00 đến 2023-10-16 20:33:00 ETHUSDT giảm 1.18% với volume trung bình cao nhất 120.19769083333334/phút
 Điểm: 9.202559147040542
 Trong giờ qua, giá ETHUSDT tăng 0.18%
 Điểm: 1.0018115710097428
 Trong giờ qua, giá ETHUSDT cao nhất là: 1565.84 lúc 2023-10-18 06:35:31 và thấp nhất là: 1561.32 lúc 2023-10-18 06:04:08
 Điểm: 0.9026054876642841
 Giá ETHUSDT trong giờ qua có nhiều biến động
 Điểm: 1.5027173565146144
 Từ 2023-10-18 06:47:49 đến 2023-10-18 06:50:14 ETHUSDT tăng 0.08% với volume trung bình cao nhất 490.1580413793104/phút
 Điểm: 3.9418968814125326
 Từ 2023-10-18 06:21:17 đến 2023-10-18 06:21:55 ETHUSDT giảm 0.01% với volume trung bình cao nhất 145.32525/phút
 Điểm: 2.2075129659426977
- Start Assessment
- Trong ngày qua, giá BTCUSDT tăng 5.03%
- Điểm: 1.0503184588970043
- Trong ngày qua, giá BTCUSDT cao nhất là: 30000.0 lúc 2023-10-16 20:30:00 và thấp nhất là: 27112.66 lúc 2023-10-16 07:45:00
- Điểm: 0.995844745591174
- Giá BTCUSDT trong ngày qua có nhiều biến động
- Điểm: 1.5754776883455064
- Từ 2023-10-16 20:23:00 đến 2023-10-16 20:30:00 BTCUSDT tăng 7.54% với volume trung bình cao nhất 14.5546415/phút
- Điểm: 9.479633610260988
- Từ 2023-10-16 20:30:00 đến 2023-10-16 20:50:00 BTCUSDT giảm 7.3% với volume trung bình cao nhất 14.1736775/phút
- Điểm: 7.6633436956325145
- Trong giờ qua, giá BTCUSDT giảm 0.000739348247452476%
- Điểm: 1.0007398952877369
- Trong giờ qua, giá BTCUSDT cao nhất là: 28444.38 lúc 2023-10-18 06:07:29 và thấp nhất là: 28386.51 lúc 2023-10-18 06:48:08
- Điểm: 0.9018347799711907
- Giá BTCUSDT trong giờ qua có nhiều biến động
- Điểm: 1.5011098429316054
- Từ 2023-10-18 06:00:00 đến 2023-10-18 06:00:05 BTCUSDT tăng 0.03% với volume trung bình cao nhất 14.67456/phút
- Điểm: 1.557855953158954
- Từ 2023-10-18 06:00:05 đến 2023-10-18 06:05:53 BTCUSDT giảm 0.03% với volume trung bình cao nhất 10.72518157894737/phút
- Điểm: 1.1354491467221446
- Trong ngày qua, giá ETHUSDT tăng 2.72%
- Điểm: 1.0271523433987952
- Trong ngày qua, giá ETHUSDT cao nhất là: 1639.43 lúc 2023-10-16 20:30:00 và thấp nhất là: 1555.06 lúc 2023-10-16 07:44:00
- Điểm: 0.9488296271526502
- Giá ETHUSDT trong ngày qua có nhiều biến động
- Điểm: 1.5407285150981929
- Từ 2023-10-16 20:32:00 đến 2023-10-16 20:33:00 ETHUSDT tăng 0.7% với volume trung bình cao nhất 78.05496833333333/phút
- Điểm: 7.731422408843827
- Từ 2023-10-16 20:30:00 đến 2023-10-16 20:33:00 ETHUSDT giảm 1.18% với volume trung bình cao nhất 120.19769083333334/phút
- Điểm: 9.202559147040542
- Trong giờ qua, giá ETHUSDT tăng 0.18%
- Điểm: 1.0018115710097428
- Trong giờ qua, giá ETHUSDT cao nhất là: 1565.84 lúc 2023-10-18 06:35:31 và thấp nhất là: 1561.32 lúc 2023-10-18 06:04:08
- Điểm: 0.9026054876642841
- Giá ETHUSDT trong giờ qua có nhiều biến động
- Điểm: 1.5027173565146144
- Từ 2023-10-18 06:47:49 đến 2023-10-18 06:50:14 ETHUSDT tăng 0.08% với volume trung bình cao nhất 490.1580413793104/phút
- Điểm: 3.9418968814125326
- Từ 2023-10-18 06:21:17 đến 2023-10-18 06:21:55 ETHUSDT giảm 0.01% với volume trung bình cao nhất 145.32525/phút
- Điểm: 2.2075129659426977
- Start Assessment
- Trong ngày qua, giá BTCUSDT tăng 5.03%
- Trong ngày qua, giá BTCUSDT cao nhất là: 30000.0 lúc 2023-10-16 20:30:00 và thấp nhất là: 27112.66 lúc 2023-10-16 07:45:00
- Giá BTCUSDT trong ngày qua có nhiều biến động
- Từ 2023-10-16 20:23:00 đến 2023-10-16 20:30:00 BTCUSDT tăng 7.54% với volume trung bình cao nhất 14.5546415/phút
- Từ 2023-10-16 20:30:00 đến 2023-10-16 20:50:00 BTCUSDT giảm 7.3% với volume trung bình cao nhất 14.1736775/phút
- Trong giờ qua, giá BTCUSDT giảm 0.000739348247452476%
- Trong giờ qua, giá BTCUSDT cao nhất là: 28444.38 lúc 2023-10-18 06:07:29 và thấp nhất là: 28386.51 lúc 2023-10-18 06:48:08
- Giá BTCUSDT trong giờ qua có nhiều biến động
- Từ 2023-10-18 06:00:00 đến 2023-10-18 06:00:05 BTCUSDT tăng 0.03% với volume trung bình cao nhất 14.67456/phút
- Từ 2023-10-18 06:00:05 đến 2023-10-18 06:05:53 BTCUSDT giảm 0.03% với volume trung bình cao nhất 10.72518157894737/phút
- Trong ngày qua, giá ETHUSDT tăng 2.72%
- Trong ngày qua, giá ETHUSDT cao nhất là: 1639.43 lúc 2023-10-16 20:30:00 và thấp nhất là: 1555.06 lúc 2023-10-16 07:44:00
- Giá ETHUSDT trong ngày qua có nhiều biến động
- Từ 2023-10-16 20:32:00 đến 2023-10-16 20:33:00 ETHUSDT tăng 0.7% với volume trung bình cao nhất 78.05496833333333/phút
- Từ 2023-10-16 20:30:00 đến 2023-10-16 20:33:00 ETHUSDT giảm 1.18% với volume trung bình cao nhất 120.19769083333334/phút
- Trong giờ qua, giá ETHUSDT tăng 0.18%
- Trong giờ qua, giá ETHUSDT cao nhất là: 1565.84 lúc 2023-10-18 06:35:31 và thấp nhất là: 1561.32 lúc 2023-10-18 06:04:08
- Giá ETHUSDT trong giờ qua có nhiều biến động
- Từ 2023-10-18 06:47:49 đến 2023-10-18 06:50:14 ETHUSDT tăng 0.08% với volume trung bình cao nhất 490.1580413793104/phút
- Từ 2023-10-18 06:21:17 đến 2023-10-18 06:21:55 ETHUSDT giảm 0.01% với volume trung bình cao nhất 145.32525/phút
