2023-12-12 00:24:40,122 INFO: Start Assessment [in /home/huy/data/learn/token-assessment/faust/assessment.py:179]
2023-12-12 00:24:40,122 INFO: Start Assessment [in /home/huy/data/learn/token-assessment/faust/assessment.py:179]
2023-12-12 00:24:40,122 INFO: Start Assessment [in /home/huy/data/learn/token-assessment/faust/assessment.py:179]
2023-12-12 00:24:40,122 INFO: Start Assessment [in /home/huy/data/learn/token-assessment/faust/assessment.py:179]
2023-12-12 00:24:40,122 INFO: Start Assessment [in /home/huy/data/learn/token-assessment/faust/assessment.py:179]
2023-12-12 00:24:40,122 INFO: Start Assessment [in /home/huy/data/learn/token-assessment/faust/assessment.py:179]
2023-12-12 00:24:40,126 INFO: Trong giờ qua, giá BTCUSDT tăng 0.18%
Trong giờ qua, giá BTCUSDT cao nhất là: 44009.18 lúc 2023-12-06 22:21:00 và thấp nhất là: 43783.38 lúc 2023-12-06 22:45:00
Giá BTCUSDT trong giờ qua không có quá nhiều thay đổi
Từ 2023-12-06 22:44:00 đến 2023-12-06 22:21:00 BTCUSDT tăng 0.4% với volume trung bình cao nhất -16.01934652173913/phút
Từ 2023-12-06 22:43:00 đến 2023-12-06 22:46:00 BTCUSDT giảm 0.28% với volume trung bình cao nhất 52.23316/phút [in /home/huy/data/learn/token-assessment/faust/assessment.py:183]
2023-12-12 00:24:40,126 INFO: Trong giờ qua, giá BTCUSDT tăng 0.18%
Trong giờ qua, giá BTCUSDT cao nhất là: 44009.18 lúc 2023-12-06 22:21:00 và thấp nhất là: 43783.38 lúc 2023-12-06 22:45:00
Giá BTCUSDT trong giờ qua không có quá nhiều thay đổi
Từ 2023-12-06 22:44:00 đến 2023-12-06 22:21:00 BTCUSDT tăng 0.4% với volume trung bình cao nhất -16.01934652173913/phút
Từ 2023-12-06 22:43:00 đến 2023-12-06 22:46:00 BTCUSDT giảm 0.28% với volume trung bình cao nhất 52.23316/phút [in /home/huy/data/learn/token-assessment/faust/assessment.py:183]
2023-12-12 00:24:40,126 INFO: Trong giờ qua, giá BTCUSDT tăng 0.18%
Trong giờ qua, giá BTCUSDT cao nhất là: 44009.18 lúc 2023-12-06 22:21:00 và thấp nhất là: 43783.38 lúc 2023-12-06 22:45:00
Giá BTCUSDT trong giờ qua không có quá nhiều thay đổi
Từ 2023-12-06 22:44:00 đến 2023-12-06 22:21:00 BTCUSDT tăng 0.4% với volume trung bình cao nhất -16.01934652173913/phút
Từ 2023-12-06 22:43:00 đến 2023-12-06 22:46:00 BTCUSDT giảm 0.28% với volume trung bình cao nhất 52.23316/phút [in /home/huy/data/learn/token-assessment/faust/assessment.py:183]
2023-12-12 00:24:40,126 INFO: Trong giờ qua, giá BTCUSDT tăng 0.18%
Trong giờ qua, giá BTCUSDT cao nhất là: 44009.18 lúc 2023-12-06 22:21:00 và thấp nhất là: 43783.38 lúc 2023-12-06 22:45:00
Giá BTCUSDT trong giờ qua không có quá nhiều thay đổi
Từ 2023-12-06 22:44:00 đến 2023-12-06 22:21:00 BTCUSDT tăng 0.4% với volume trung bình cao nhất -16.01934652173913/phút
Từ 2023-12-06 22:43:00 đến 2023-12-06 22:46:00 BTCUSDT giảm 0.28% với volume trung bình cao nhất 52.23316/phút [in /home/huy/data/learn/token-assessment/faust/assessment.py:183]
2023-12-12 00:24:40,126 INFO: Trong giờ qua, giá BTCUSDT tăng 0.18%
Trong giờ qua, giá BTCUSDT cao nhất là: 44009.18 lúc 2023-12-06 22:21:00 và thấp nhất là: 43783.38 lúc 2023-12-06 22:45:00
Giá BTCUSDT trong giờ qua không có quá nhiều thay đổi
Từ 2023-12-06 22:44:00 đến 2023-12-06 22:21:00 BTCUSDT tăng 0.4% với volume trung bình cao nhất -16.01934652173913/phút
Từ 2023-12-06 22:43:00 đến 2023-12-06 22:46:00 BTCUSDT giảm 0.28% với volume trung bình cao nhất 52.23316/phút [in /home/huy/data/learn/token-assessment/faust/assessment.py:183]
2023-12-12 00:24:40,126 INFO: Trong giờ qua, giá BTCUSDT tăng 0.18%
Trong giờ qua, giá BTCUSDT cao nhất là: 44009.18 lúc 2023-12-06 22:21:00 và thấp nhất là: 43783.38 lúc 2023-12-06 22:45:00
Giá BTCUSDT trong giờ qua không có quá nhiều thay đổi
Từ 2023-12-06 22:44:00 đến 2023-12-06 22:21:00 BTCUSDT tăng 0.4% với volume trung bình cao nhất -16.01934652173913/phút
Từ 2023-12-06 22:43:00 đến 2023-12-06 22:46:00 BTCUSDT giảm 0.28% với volume trung bình cao nhất 52.23316/phút [in /home/huy/data/learn/token-assessment/faust/assessment.py:183]
2023-12-12 00:24:40,127 INFO: Stop Assessment [in /home/huy/data/learn/token-assessment/faust/assessment.py:190]
2023-12-12 00:24:40,127 INFO: Stop Assessment [in /home/huy/data/learn/token-assessment/faust/assessment.py:190]
2023-12-12 00:24:40,127 INFO: Stop Assessment [in /home/huy/data/learn/token-assessment/faust/assessment.py:190]
2023-12-12 00:24:40,127 INFO: Stop Assessment [in /home/huy/data/learn/token-assessment/faust/assessment.py:190]
2023-12-12 00:24:40,127 INFO: Stop Assessment [in /home/huy/data/learn/token-assessment/faust/assessment.py:190]
2023-12-12 00:24:40,127 INFO: Stop Assessment [in /home/huy/data/learn/token-assessment/faust/assessment.py:190]
2023-12-12 00:24:40,155 INFO: Start Assessment [in /home/huy/data/learn/token-assessment/faust/assessment.py:179]
2023-12-12 00:24:40,155 INFO: Start Assessment [in /home/huy/data/learn/token-assessment/faust/assessment.py:179]
2023-12-12 00:24:40,155 INFO: Start Assessment [in /home/huy/data/learn/token-assessment/faust/assessment.py:179]
2023-12-12 00:24:40,155 INFO: Start Assessment [in /home/huy/data/learn/token-assessment/faust/assessment.py:179]
2023-12-12 00:24:40,155 INFO: Start Assessment [in /home/huy/data/learn/token-assessment/faust/assessment.py:179]
2023-12-12 00:24:40,155 INFO: Start Assessment [in /home/huy/data/learn/token-assessment/faust/assessment.py:179]
2023-12-12 00:24:40,155 INFO: Start Assessment [in /home/huy/data/learn/token-assessment/faust/assessment.py:179]
2023-12-12 00:24:40,159 INFO: Trong giờ qua, giá BTCUSDT giảm 0.001754677756569789%
Trong giờ qua, giá BTCUSDT cao nhất là: 44004.0 lúc 2023-12-06 22:24:00 và thấp nhất là: 43858.28 lúc 2023-12-06 22:28:00
Giá BTCUSDT trong giờ qua không có quá nhiều thay đổi
Từ 2023-12-06 22:26:00 đến 2023-12-06 22:31:00 BTCUSDT tăng 0.24% với volume trung bình cao nhất 47.031276/phút
Từ 2023-12-06 22:24:00 đến 2023-12-06 22:29:00 BTCUSDT giảm 0.28% với volume trung bình cao nhất 29.364795/phút [in /home/huy/data/learn/token-assessment/faust/assessment.py:183]
2023-12-12 00:24:40,159 INFO: Trong giờ qua, giá BTCUSDT giảm 0.001754677756569789%
Trong giờ qua, giá BTCUSDT cao nhất là: 44004.0 lúc 2023-12-06 22:24:00 và thấp nhất là: 43858.28 lúc 2023-12-06 22:28:00
Giá BTCUSDT trong giờ qua không có quá nhiều thay đổi
Từ 2023-12-06 22:26:00 đến 2023-12-06 22:31:00 BTCUSDT tăng 0.24% với volume trung bình cao nhất 47.031276/phút
Từ 2023-12-06 22:24:00 đến 2023-12-06 22:29:00 BTCUSDT giảm 0.28% với volume trung bình cao nhất 29.364795/phút [in /home/huy/data/learn/token-assessment/faust/assessment.py:183]
2023-12-12 00:24:40,159 INFO: Trong giờ qua, giá BTCUSDT giảm 0.001754677756569789%
Trong giờ qua, giá BTCUSDT cao nhất là: 44004.0 lúc 2023-12-06 22:24:00 và thấp nhất là: 43858.28 lúc 2023-12-06 22:28:00
Giá BTCUSDT trong giờ qua không có quá nhiều thay đổi
Từ 2023-12-06 22:26:00 đến 2023-12-06 22:31:00 BTCUSDT tăng 0.24% với volume trung bình cao nhất 47.031276/phút
Từ 2023-12-06 22:24:00 đến 2023-12-06 22:29:00 BTCUSDT giảm 0.28% với volume trung bình cao nhất 29.364795/phút [in /home/huy/data/learn/token-assessment/faust/assessment.py:183]
2023-12-12 00:24:40,159 INFO: Trong giờ qua, giá BTCUSDT giảm 0.001754677756569789%
Trong giờ qua, giá BTCUSDT cao nhất là: 44004.0 lúc 2023-12-06 22:24:00 và thấp nhất là: 43858.28 lúc 2023-12-06 22:28:00
Giá BTCUSDT trong giờ qua không có quá nhiều thay đổi
Từ 2023-12-06 22:26:00 đến 2023-12-06 22:31:00 BTCUSDT tăng 0.24% với volume trung bình cao nhất 47.031276/phút
Từ 2023-12-06 22:24:00 đến 2023-12-06 22:29:00 BTCUSDT giảm 0.28% với volume trung bình cao nhất 29.364795/phút [in /home/huy/data/learn/token-assessment/faust/assessment.py:183]
2023-12-12 00:24:40,159 INFO: Trong giờ qua, giá BTCUSDT giảm 0.001754677756569789%
Trong giờ qua, giá BTCUSDT cao nhất là: 44004.0 lúc 2023-12-06 22:24:00 và thấp nhất là: 43858.28 lúc 2023-12-06 22:28:00
Giá BTCUSDT trong giờ qua không có quá nhiều thay đổi
Từ 2023-12-06 22:26:00 đến 2023-12-06 22:31:00 BTCUSDT tăng 0.24% với volume trung bình cao nhất 47.031276/phút
Từ 2023-12-06 22:24:00 đến 2023-12-06 22:29:00 BTCUSDT giảm 0.28% với volume trung bình cao nhất 29.364795/phút [in /home/huy/data/learn/token-assessment/faust/assessment.py:183]
2023-12-12 00:24:40,159 INFO: Trong giờ qua, giá BTCUSDT giảm 0.001754677756569789%
Trong giờ qua, giá BTCUSDT cao nhất là: 44004.0 lúc 2023-12-06 22:24:00 và thấp nhất là: 43858.28 lúc 2023-12-06 22:28:00
Giá BTCUSDT trong giờ qua không có quá nhiều thay đổi
Từ 2023-12-06 22:26:00 đến 2023-12-06 22:31:00 BTCUSDT tăng 0.24% với volume trung bình cao nhất 47.031276/phút
Từ 2023-12-06 22:24:00 đến 2023-12-06 22:29:00 BTCUSDT giảm 0.28% với volume trung bình cao nhất 29.364795/phút [in /home/huy/data/learn/token-assessment/faust/assessment.py:183]
2023-12-12 00:24:40,159 INFO: Trong giờ qua, giá BTCUSDT giảm 0.001754677756569789%
Trong giờ qua, giá BTCUSDT cao nhất là: 44004.0 lúc 2023-12-06 22:24:00 và thấp nhất là: 43858.28 lúc 2023-12-06 22:28:00
Giá BTCUSDT trong giờ qua không có quá nhiều thay đổi
Từ 2023-12-06 22:26:00 đến 2023-12-06 22:31:00 BTCUSDT tăng 0.24% với volume trung bình cao nhất 47.031276/phút
Từ 2023-12-06 22:24:00 đến 2023-12-06 22:29:00 BTCUSDT giảm 0.28% với volume trung bình cao nhất 29.364795/phút [in /home/huy/data/learn/token-assessment/faust/assessment.py:183]
2023-12-12 00:24:40,160 INFO: Stop Assessment [in /home/huy/data/learn/token-assessment/faust/assessment.py:190]
2023-12-12 00:24:40,160 INFO: Stop Assessment [in /home/huy/data/learn/token-assessment/faust/assessment.py:190]
2023-12-12 00:24:40,160 INFO: Stop Assessment [in /home/huy/data/learn/token-assessment/faust/assessment.py:190]
2023-12-12 00:24:40,160 INFO: Stop Assessment [in /home/huy/data/learn/token-assessment/faust/assessment.py:190]
2023-12-12 00:24:40,160 INFO: Stop Assessment [in /home/huy/data/learn/token-assessment/faust/assessment.py:190]
2023-12-12 00:24:40,160 INFO: Stop Assessment [in /home/huy/data/learn/token-assessment/faust/assessment.py:190]
2023-12-12 00:24:40,160 INFO: Stop Assessment [in /home/huy/data/learn/token-assessment/faust/assessment.py:190]
2023-12-12 00:24:40,197 INFO: Start Assessment [in /home/huy/data/learn/token-assessment/faust/assessment.py:179]
2023-12-12 00:24:40,197 INFO: Start Assessment [in /home/huy/data/learn/token-assessment/faust/assessment.py:179]
2023-12-12 00:24:40,197 INFO: Start Assessment [in /home/huy/data/learn/token-assessment/faust/assessment.py:179]
2023-12-12 00:24:40,197 INFO: Start Assessment [in /home/huy/data/learn/token-assessment/faust/assessment.py:179]
2023-12-12 00:24:40,197 INFO: Start Assessment [in /home/huy/data/learn/token-assessment/faust/assessment.py:179]
2023-12-12 00:24:40,197 INFO: Start Assessment [in /home/huy/data/learn/token-assessment/faust/assessment.py:179]
2023-12-12 00:24:40,197 INFO: Start Assessment [in /home/huy/data/learn/token-assessment/faust/assessment.py:179]
2023-12-12 00:24:40,197 INFO: Start Assessment [in /home/huy/data/learn/token-assessment/faust/assessment.py:179]
2023-12-12 00:24:40,204 INFO: Trong giờ qua, giá BTCUSDT giảm 0.0018101298967428958%
Trong giờ qua, giá BTCUSDT cao nhất là: 43968.0 lúc 2023-12-06 22:42:00 và thấp nhất là: 43783.38 lúc 2023-12-06 22:45:00
Giá BTCUSDT trong giờ qua không có quá nhiều thay đổi
Từ 2023-12-06 22:37:00 đến 2023-12-06 22:42:00 BTCUSDT tăng 0.37% với volume trung bình cao nhất 73.240202/phút
Từ 2023-12-06 22:36:00 đến 2023-12-06 22:41:00 BTCUSDT giảm 0.16% với volume trung bình cao nhất 31.84572/phút [in /home/huy/data/learn/token-assessment/faust/assessment.py:183]
2023-12-12 00:24:40,204 INFO: Trong giờ qua, giá BTCUSDT giảm 0.0018101298967428958%
Trong giờ qua, giá BTCUSDT cao nhất là: 43968.0 lúc 2023-12-06 22:42:00 và thấp nhất là: 43783.38 lúc 2023-12-06 22:45:00
Giá BTCUSDT trong giờ qua không có quá nhiều thay đổi
Từ 2023-12-06 22:37:00 đến 2023-12-06 22:42:00 BTCUSDT tăng 0.37% với volume trung bình cao nhất 73.240202/phút
Từ 2023-12-06 22:36:00 đến 2023-12-06 22:41:00 BTCUSDT giảm 0.16% với volume trung bình cao nhất 31.84572/phút [in /home/huy/data/learn/token-assessment/faust/assessment.py:183]
2023-12-12 00:24:40,204 INFO: Trong giờ qua, giá BTCUSDT giảm 0.0018101298967428958%
Trong giờ qua, giá BTCUSDT cao nhất là: 43968.0 lúc 2023-12-06 22:42:00 và thấp nhất là: 43783.38 lúc 2023-12-06 22:45:00
Giá BTCUSDT trong giờ qua không có quá nhiều thay đổi
Từ 2023-12-06 22:37:00 đến 2023-12-06 22:42:00 BTCUSDT tăng 0.37% với volume trung bình cao nhất 73.240202/phút
Từ 2023-12-06 22:36:00 đến 2023-12-06 22:41:00 BTCUSDT giảm 0.16% với volume trung bình cao nhất 31.84572/phút [in /home/huy/data/learn/token-assessment/faust/assessment.py:183]
2023-12-12 00:24:40,204 INFO: Trong giờ qua, giá BTCUSDT giảm 0.0018101298967428958%
Trong giờ qua, giá BTCUSDT cao nhất là: 43968.0 lúc 2023-12-06 22:42:00 và thấp nhất là: 43783.38 lúc 2023-12-06 22:45:00
Giá BTCUSDT trong giờ qua không có quá nhiều thay đổi
Từ 2023-12-06 22:37:00 đến 2023-12-06 22:42:00 BTCUSDT tăng 0.37% với volume trung bình cao nhất 73.240202/phút
Từ 2023-12-06 22:36:00 đến 2023-12-06 22:41:00 BTCUSDT giảm 0.16% với volume trung bình cao nhất 31.84572/phút [in /home/huy/data/learn/token-assessment/faust/assessment.py:183]
2023-12-12 00:24:40,204 INFO: Trong giờ qua, giá BTCUSDT giảm 0.0018101298967428958%
Trong giờ qua, giá BTCUSDT cao nhất là: 43968.0 lúc 2023-12-06 22:42:00 và thấp nhất là: 43783.38 lúc 2023-12-06 22:45:00
Giá BTCUSDT trong giờ qua không có quá nhiều thay đổi
Từ 2023-12-06 22:37:00 đến 2023-12-06 22:42:00 BTCUSDT tăng 0.37% với volume trung bình cao nhất 73.240202/phút
Từ 2023-12-06 22:36:00 đến 2023-12-06 22:41:00 BTCUSDT giảm 0.16% với volume trung bình cao nhất 31.84572/phút [in /home/huy/data/learn/token-assessment/faust/assessment.py:183]
2023-12-12 00:24:40,204 INFO: Trong giờ qua, giá BTCUSDT giảm 0.0018101298967428958%
Trong giờ qua, giá BTCUSDT cao nhất là: 43968.0 lúc 2023-12-06 22:42:00 và thấp nhất là: 43783.38 lúc 2023-12-06 22:45:00
Giá BTCUSDT trong giờ qua không có quá nhiều thay đổi
Từ 2023-12-06 22:37:00 đến 2023-12-06 22:42:00 BTCUSDT tăng 0.37% với volume trung bình cao nhất 73.240202/phút
Từ 2023-12-06 22:36:00 đến 2023-12-06 22:41:00 BTCUSDT giảm 0.16% với volume trung bình cao nhất 31.84572/phút [in /home/huy/data/learn/token-assessment/faust/assessment.py:183]
2023-12-12 00:24:40,204 INFO: Trong giờ qua, giá BTCUSDT giảm 0.0018101298967428958%
Trong giờ qua, giá BTCUSDT cao nhất là: 43968.0 lúc 2023-12-06 22:42:00 và thấp nhất là: 43783.38 lúc 2023-12-06 22:45:00
Giá BTCUSDT trong giờ qua không có quá nhiều thay đổi
Từ 2023-12-06 22:37:00 đến 2023-12-06 22:42:00 BTCUSDT tăng 0.37% với volume trung bình cao nhất 73.240202/phút
Từ 2023-12-06 22:36:00 đến 2023-12-06 22:41:00 BTCUSDT giảm 0.16% với volume trung bình cao nhất 31.84572/phút [in /home/huy/data/learn/token-assessment/faust/assessment.py:183]
2023-12-12 00:24:40,204 INFO: Trong giờ qua, giá BTCUSDT giảm 0.0018101298967428958%
Trong giờ qua, giá BTCUSDT cao nhất là: 43968.0 lúc 2023-12-06 22:42:00 và thấp nhất là: 43783.38 lúc 2023-12-06 22:45:00
Giá BTCUSDT trong giờ qua không có quá nhiều thay đổi
Từ 2023-12-06 22:37:00 đến 2023-12-06 22:42:00 BTCUSDT tăng 0.37% với volume trung bình cao nhất 73.240202/phút
Từ 2023-12-06 22:36:00 đến 2023-12-06 22:41:00 BTCUSDT giảm 0.16% với volume trung bình cao nhất 31.84572/phút [in /home/huy/data/learn/token-assessment/faust/assessment.py:183]
2023-12-12 00:24:40,204 INFO: Stop Assessment [in /home/huy/data/learn/token-assessment/faust/assessment.py:190]
2023-12-12 00:24:40,204 INFO: Stop Assessment [in /home/huy/data/learn/token-assessment/faust/assessment.py:190]
2023-12-12 00:24:40,204 INFO: Stop Assessment [in /home/huy/data/learn/token-assessment/faust/assessment.py:190]
2023-12-12 00:24:40,204 INFO: Stop Assessment [in /home/huy/data/learn/token-assessment/faust/assessment.py:190]
2023-12-12 00:24:40,204 INFO: Stop Assessment [in /home/huy/data/learn/token-assessment/faust/assessment.py:190]
2023-12-12 00:24:40,204 INFO: Stop Assessment [in /home/huy/data/learn/token-assessment/faust/assessment.py:190]
2023-12-12 00:24:40,204 INFO: Stop Assessment [in /home/huy/data/learn/token-assessment/faust/assessment.py:190]
2023-12-12 00:24:40,204 INFO: Stop Assessment [in /home/huy/data/learn/token-assessment/faust/assessment.py:190]
2023-12-13 08:47:28,938 INFO: Start Assessment [in /home/huy/data/learn/token-assessment/faust/assessment.py:178]
2023-12-13 08:47:30,342 ERROR: cannot encode object: 1701876060000, of type: <class 'numpy.int64'> [in /home/huy/data/learn/token-assessment/faust/assessment.py:186]
2023-12-13 08:47:30,343 INFO: Stop Assessment [in /home/huy/data/learn/token-assessment/faust/assessment.py:190]
2023-12-13 08:47:30,349 INFO: Start Assessment [in /home/huy/data/learn/token-assessment/faust/assessment.py:178]
2023-12-13 08:47:30,349 INFO: Start Assessment [in /home/huy/data/learn/token-assessment/faust/assessment.py:178]
2023-12-13 08:47:31,595 ERROR: cannot encode object: 1701876660000, of type: <class 'numpy.int64'> [in /home/huy/data/learn/token-assessment/faust/assessment.py:186]
2023-12-13 08:47:31,595 ERROR: cannot encode object: 1701876660000, of type: <class 'numpy.int64'> [in /home/huy/data/learn/token-assessment/faust/assessment.py:186]
2023-12-13 08:47:31,596 INFO: Stop Assessment [in /home/huy/data/learn/token-assessment/faust/assessment.py:190]
2023-12-13 08:47:31,596 INFO: Stop Assessment [in /home/huy/data/learn/token-assessment/faust/assessment.py:190]
2023-12-13 08:50:21,550 INFO: Start Assessment [in /home/huy/data/learn/token-assessment/faust/assessment.py:179]
2023-12-13 08:50:22,998 ERROR: cannot encode object: 1701876060000, of type: <class 'numpy.int64'> [in /home/huy/data/learn/token-assessment/faust/assessment.py:187]
2023-12-13 08:50:22,998 INFO: Stop Assessment [in /home/huy/data/learn/token-assessment/faust/assessment.py:191]
2023-12-13 08:50:23,003 INFO: Start Assessment [in /home/huy/data/learn/token-assessment/faust/assessment.py:179]
2023-12-13 08:50:23,003 INFO: Start Assessment [in /home/huy/data/learn/token-assessment/faust/assessment.py:179]
2023-12-13 08:50:24,234 ERROR: cannot encode object: 1701876660000, of type: <class 'numpy.int64'> [in /home/huy/data/learn/token-assessment/faust/assessment.py:187]
2023-12-13 08:50:24,234 ERROR: cannot encode object: 1701876660000, of type: <class 'numpy.int64'> [in /home/huy/data/learn/token-assessment/faust/assessment.py:187]
2023-12-13 08:50:24,235 INFO: Stop Assessment [in /home/huy/data/learn/token-assessment/faust/assessment.py:191]
2023-12-13 08:50:24,235 INFO: Stop Assessment [in /home/huy/data/learn/token-assessment/faust/assessment.py:191]
2023-12-13 08:55:18,498 INFO: Start Assessment [in /home/huy/data/learn/token-assessment/faust/assessment.py:180]
2023-12-13 08:55:20,159 ERROR: object InsertOneResult can't be used in 'await' expression [in /home/huy/data/learn/token-assessment/faust/assessment.py:188]
2023-12-13 08:55:20,159 INFO: Stop Assessment [in /home/huy/data/learn/token-assessment/faust/assessment.py:192]
2023-12-13 08:55:20,166 INFO: Start Assessment [in /home/huy/data/learn/token-assessment/faust/assessment.py:180]
2023-12-13 08:55:20,166 INFO: Start Assessment [in /home/huy/data/learn/token-assessment/faust/assessment.py:180]
2023-12-13 08:55:20,441 ERROR: object InsertOneResult can't be used in 'await' expression [in /home/huy/data/learn/token-assessment/faust/assessment.py:188]
2023-12-13 08:55:20,441 ERROR: object InsertOneResult can't be used in 'await' expression [in /home/huy/data/learn/token-assessment/faust/assessment.py:188]
2023-12-13 08:55:20,442 INFO: Stop Assessment [in /home/huy/data/learn/token-assessment/faust/assessment.py:192]
2023-12-13 08:55:20,442 INFO: Stop Assessment [in /home/huy/data/learn/token-assessment/faust/assessment.py:192]
2023-12-13 08:56:39,648 INFO: Start Assessment [in /home/huy/data/learn/token-assessment/faust/assessment.py:179]
2023-12-13 08:56:41,575 INFO: Stop Assessment [in /home/huy/data/learn/token-assessment/faust/assessment.py:191]
2023-12-13 08:56:41,582 INFO: Start Assessment [in /home/huy/data/learn/token-assessment/faust/assessment.py:179]
2023-12-13 08:56:41,582 INFO: Start Assessment [in /home/huy/data/learn/token-assessment/faust/assessment.py:179]
2023-12-13 08:56:41,836 INFO: Stop Assessment [in /home/huy/data/learn/token-assessment/faust/assessment.py:191]
2023-12-13 08:56:41,836 INFO: Stop Assessment [in /home/huy/data/learn/token-assessment/faust/assessment.py:191]
2023-12-13 08:57:03,074 INFO: Start Assessment [in /home/huy/data/learn/token-assessment/faust/assessment.py:179]
2023-12-13 08:57:03,074 INFO: Start Assessment [in /home/huy/data/learn/token-assessment/faust/assessment.py:179]
2023-12-13 08:57:03,074 INFO: Start Assessment [in /home/huy/data/learn/token-assessment/faust/assessment.py:179]
2023-12-13 08:57:03,323 INFO: Stop Assessment [in /home/huy/data/learn/token-assessment/faust/assessment.py:191]
2023-12-13 08:57:03,323 INFO: Stop Assessment [in /home/huy/data/learn/token-assessment/faust/assessment.py:191]
2023-12-13 08:57:03,323 INFO: Stop Assessment [in /home/huy/data/learn/token-assessment/faust/assessment.py:191]
2023-12-13 08:57:03,329 INFO: Start Assessment [in /home/huy/data/learn/token-assessment/faust/assessment.py:179]
2023-12-13 08:57:03,329 INFO: Start Assessment [in /home/huy/data/learn/token-assessment/faust/assessment.py:179]
2023-12-13 08:57:03,329 INFO: Start Assessment [in /home/huy/data/learn/token-assessment/faust/assessment.py:179]
2023-12-13 08:57:03,329 INFO: Start Assessment [in /home/huy/data/learn/token-assessment/faust/assessment.py:179]
2023-12-13 08:57:03,585 INFO: Stop Assessment [in /home/huy/data/learn/token-assessment/faust/assessment.py:191]
2023-12-13 08:57:03,585 INFO: Stop Assessment [in /home/huy/data/learn/token-assessment/faust/assessment.py:191]
2023-12-13 08:57:03,585 INFO: Stop Assessment [in /home/huy/data/learn/token-assessment/faust/assessment.py:191]
2023-12-13 08:57:03,585 INFO: Stop Assessment [in /home/huy/data/learn/token-assessment/faust/assessment.py:191]
2023-12-13 08:57:03,589 INFO: Start Assessment [in /home/huy/data/learn/token-assessment/faust/assessment.py:179]
2023-12-13 08:57:03,589 INFO: Start Assessment [in /home/huy/data/learn/token-assessment/faust/assessment.py:179]
2023-12-13 08:57:03,589 INFO: Start Assessment [in /home/huy/data/learn/token-assessment/faust/assessment.py:179]
2023-12-13 08:57:03,589 INFO: Start Assessment [in /home/huy/data/learn/token-assessment/faust/assessment.py:179]
2023-12-13 08:57:03,589 INFO: Start Assessment [in /home/huy/data/learn/token-assessment/faust/assessment.py:179]
2023-12-13 08:57:03,840 INFO: Stop Assessment [in /home/huy/data/learn/token-assessment/faust/assessment.py:191]
2023-12-13 08:57:03,840 INFO: Stop Assessment [in /home/huy/data/learn/token-assessment/faust/assessment.py:191]
2023-12-13 08:57:03,840 INFO: Stop Assessment [in /home/huy/data/learn/token-assessment/faust/assessment.py:191]
2023-12-13 08:57:03,840 INFO: Stop Assessment [in /home/huy/data/learn/token-assessment/faust/assessment.py:191]
2023-12-13 08:57:03,840 INFO: Stop Assessment [in /home/huy/data/learn/token-assessment/faust/assessment.py:191]
